{"level":"warn","message":"SUPER_ADMIN_EMAIL/SUPER_ADMIN_PASSWORD not set; skipping super admin seed","service":"hospital-api","timestamp":"2026-03-08T19:42:34.074Z"}
{"level":"warn","message":"SUPER_ADMIN_EMAIL/SUPER_ADMIN_PASSWORD not set; skipping super admin seed","service":"hospital-api","timestamp":"2026-03-08T19:42:34.070Z"}
{"level":"warn","message":"SUPER_ADMIN_EMAIL/SUPER_ADMIN_PASSWORD not set; skipping super admin seed","service":"hospital-api","timestamp":"2026-03-08T19:42:34.087Z"}
{"level":"warn","message":"SUPER_ADMIN_EMAIL/SUPER_ADMIN_PASSWORD not set; skipping super admin seed","service":"hospital-api","timestamp":"2026-03-08T19:42:34.109Z"}
{"level":"warn","message":"SUPER_ADMIN_EMAIL/SUPER_ADMIN_PASSWORD not set; skipping super admin seed","service":"hospital-api","timestamp":"2026-03-08T19:42:44.871Z"}
{"level":"warn","message":"SUPER_ADMIN_EMAIL/SUPER_ADMIN_PASSWORD not set; skipping super admin seed","service":"hospital-api","timestamp":"2026-03-08T19:42:44.875Z"}
{"level":"warn","message":"SUPER_ADMIN_EMAIL/SUPER_ADMIN_PASSWORD not set; skipping super admin seed","service":"hospital-api","timestamp":"2026-03-08T19:42:44.875Z"}
{"level":"warn","message":"SUPER_ADMIN_EMAIL/SUPER_ADMIN_PASSWORD not set; skipping super admin seed","service":"hospital-api","timestamp":"2026-03-08T19:42:44.876Z"}
{"level":"warn","message":"SUPER_ADMIN_EMAIL/SUPER_ADMIN_PASSWORD not set; skipping super admin seed","service":"hospital-api","timestamp":"2026-03-08T19:42:51.664Z"}
{"level":"warn","message":"SUPER_ADMIN_EMAIL/SUPER_ADMIN_PASSWORD not set; skipping super admin seed","service":"hospital-api","timestamp":"2026-03-08T19:42:51.682Z"}
{"level":"warn","message":"SUPER_ADMIN_EMAIL/SUPER_ADMIN_PASSWORD not set; skipping super admin seed","service":"hospital-api","timestamp":"2026-03-08T19:42:51.755Z"}
{"level":"warn","message":"SUPER_ADMIN_EMAIL/SUPER_ADMIN_PASSWORD not set; skipping super admin seed","service":"hospital-api","timestamp":"2026-03-08T19:42:51.768Z"}
{"level":"warn","message":"SUPER_ADMIN_EMAIL/SUPER_ADMIN_PASSWORD not set; skipping super admin seed","service":"hospital-api","timestamp":"2026-03-08T19:42:58.535Z"}
{"level":"warn","message":"SUPER_ADMIN_EMAIL/SUPER_ADMIN_PASSWORD not set; skipping super admin seed","service":"hospital-api","timestamp":"2026-03-08T19:42:58.538Z"}
{"level":"warn","message":"SUPER_ADMIN_EMAIL/SUPER_ADMIN_PASSWORD not set; skipping super admin seed","service":"hospital-api","timestamp":"2026-03-08T19:42:58.539Z"}
{"level":"warn","message":"SUPER_ADMIN_EMAIL/SUPER_ADMIN_PASSWORD not set; skipping super admin seed","service":"hospital-api","timestamp":"2026-03-08T19:42:58.545Z"}
{"level":"warn","message":"SUPER_ADMIN_EMAIL/SUPER_ADMIN_PASSWORD not set; skipping super admin seed","service":"hospital-api","timestamp":"2026-03-08T19:43:06.401Z"}
{"level":"warn","message":"SUPER_ADMIN_EMAIL/SUPER_ADMIN_PASSWORD not set; skipping super admin seed","service":"hospital-api","timestamp":"2026-03-08T19:43:06.418Z"}
{"level":"warn","message":"SUPER_ADMIN_EMAIL/SUPER_ADMIN_PASSWORD not set; skipping super admin seed","service":"hospital-api","timestamp":"2026-03-08T19:43:06.421Z"}
{"level":"warn","message":"SUPER_ADMIN_EMAIL/SUPER_ADMIN_PASSWORD not set; skipping super admin seed","service":"hospital-api","timestamp":"2026-03-08T19:43:06.436Z"}
{"level":"warn","message":"SUPER_ADMIN_EMAIL/SUPER_ADMIN_PASSWORD not set; skipping super admin seed","service":"hospital-api","timestamp":"2026-03-08T19:43:28.826Z"}
{"level":"warn","message":"SUPER_ADMIN_EMAIL/SUPER_ADMIN_PASSWORD not set; skipping super admin seed","service":"hospital-api","timestamp":"2026-03-08T19:57:54.132Z"}
{"level":"warn","message":"SUPER_ADMIN_EMAIL/SUPER_ADMIN_PASSWORD not set; skipping super admin seed","service":"hospital-api","timestamp":"2026-03-08T19:57:54.166Z"}
{"level":"warn","message":"SUPER_ADMIN_EMAIL/SUPER_ADMIN_PASSWORD not set; skipping super admin seed","service":"hospital-api","timestamp":"2026-03-08T19:57:54.172Z"}
{"level":"warn","message":"SUPER_ADMIN_EMAIL/SUPER_ADMIN_PASSWORD not set; skipping super admin seed","service":"hospital-api","timestamp":"2026-03-08T19:57:54.172Z"}
{"level":"warn","message":"SUPER_ADMIN_EMAIL/SUPER_ADMIN_PASSWORD not set; skipping super admin seed","service":"hospital-api","timestamp":"2026-03-08T19:57:54.173Z"}
{"level":"warn","message":"SUPER_ADMIN_EMAIL/SUPER_ADMIN_PASSWORD not set; skipping super admin seed","service":"hospital-api","timestamp":"2026-03-08T19:58:21.879Z"}
{"level":"warn","message":"SUPER_ADMIN_EMAIL/SUPER_ADMIN_PASSWORD not set; skipping super admin seed","service":"hospital-api","timestamp":"2026-03-08T19:58:21.896Z"}
{"level":"warn","message":"SUPER_ADMIN_EMAIL/SUPER_ADMIN_PASSWORD not set; skipping super admin seed","service":"hospital-api","timestamp":"2026-03-08T19:58:21.996Z"}
{"level":"warn","message":"SUPER_ADMIN_EMAIL/SUPER_ADMIN_PASSWORD not set; skipping super admin seed","service":"hospital-api","timestamp":"2026-03-08T19:58:22.008Z"}
{"level":"warn","message":"SUPER_ADMIN_EMAIL/SUPER_ADMIN_PASSWORD not set; skipping super admin seed","service":"hospital-api","timestamp":"2026-03-08T19:58:22.040Z"}
{"level":"warn","message":"SUPER_ADMIN_EMAIL/SUPER_ADMIN_PASSWORD not set; skipping super admin seed","service":"hospital-api","timestamp":"2026-03-08T19:58:56.135Z"}
{"level":"warn","message":"SUPER_ADMIN_EMAIL/SUPER_ADMIN_PASSWORD not set; skipping super admin seed","service":"hospital-api","timestamp":"2026-03-08T19:58:56.204Z"}
{"level":"warn","message":"SUPER_ADMIN_EMAIL/SUPER_ADMIN_PASSWORD not set; skipping super admin seed","service":"hospital-api","timestamp":"2026-03-08T19:58:56.394Z"}
{"level":"warn","message":"SUPER_ADMIN_EMAIL/SUPER_ADMIN_PASSWORD not set; skipping super admin seed","service":"hospital-api","timestamp":"2026-03-08T19:58:56.491Z"}
{"level":"warn","message":"SUPER_ADMIN_EMAIL/SUPER_ADMIN_PASSWORD not set; skipping super admin seed","service":"hospital-api","timestamp":"2026-03-08T19:58:56.900Z"}
{"level":"warn","message":"SUPER_ADMIN_EMAIL/SUPER_ADMIN_PASSWORD not set; skipping super admin seed","service":"hospital-api","timestamp":"2026-03-08T19:59:07.589Z"}
{"level":"warn","message":"SUPER_ADMIN_EMAIL/SUPER_ADMIN_PASSWORD not set; skipping super admin seed","service":"hospital-api","timestamp":"2026-03-08T19:59:07.589Z"}
{"level":"warn","message":"SUPER_RECEPTIONIST_EMAIL/SUPER_RECEPTIONIST_PASSWORD not set; skipping super receptionist seed","service":"hospital-api","timestamp":"2026-03-08T19:59:07.594Z"}
{"level":"warn","message":"SUPER_RECEPTIONIST_EMAIL/SUPER_RECEPTIONIST_PASSWORD not set; skipping super receptionist seed","service":"hospital-api","timestamp":"2026-03-08T19:59:07.594Z"}
{"level":"warn","message":"SUPER_ADMIN_EMAIL/SUPER_ADMIN_PASSWORD not set; skipping super admin seed","service":"hospital-api","timestamp":"2026-03-08T19:59:07.652Z"}
{"level":"warn","message":"SUPER_RECEPTIONIST_EMAIL/SUPER_RECEPTIONIST_PASSWORD not set; skipping super receptionist seed","service":"hospital-api","timestamp":"2026-03-08T19:59:07.657Z"}
{"level":"warn","message":"SUPER_ADMIN_EMAIL/SUPER_ADMIN_PASSWORD not set; skipping super admin seed","service":"hospital-api","timestamp":"2026-03-08T19:59:07.713Z"}
{"level":"warn","message":"SUPER_RECEPTIONIST_EMAIL/SUPER_RECEPTIONIST_PASSWORD not set; skipping super receptionist seed","service":"hospital-api","timestamp":"2026-03-08T19:59:07.717Z"}
{"level":"warn","message":"SUPER_ADMIN_EMAIL/SUPER_ADMIN_PASSWORD not set; skipping super admin seed","service":"hospital-api","timestamp":"2026-03-08T19:59:07.763Z"}
{"level":"warn","message":"SUPER_RECEPTIONIST_EMAIL/SUPER_RECEPTIONIST_PASSWORD not set; skipping super receptionist seed","service":"hospital-api","timestamp":"2026-03-08T19:59:07.767Z"}
{"level":"warn","message":"SUPER_ADMIN_EMAIL/SUPER_ADMIN_PASSWORD not set; skipping super admin seed","service":"hospital-api","timestamp":"2026-03-09T03:39:46.841Z"}
{"level":"warn","message":"SUPER_RECEPTIONIST_EMAIL/SUPER_RECEPTIONIST_PASSWORD not set; skipping super receptionist seed","service":"hospital-api","timestamp":"2026-03-09T03:39:46.848Z"}
{"level":"warn","message":"SUPER_ADMIN_EMAIL/SUPER_ADMIN_PASSWORD not set; skipping super admin seed","service":"hospital-api","timestamp":"2026-03-09T03:40:13.211Z"}
{"level":"warn","message":"SUPER_RECEPTIONIST_EMAIL/SUPER_RECEPTIONIST_PASSWORD not set; skipping super receptionist seed","service":"hospital-api","timestamp":"2026-03-09T03:40:13.219Z"}
{"level":"warn","message":"SUPER_ADMIN_EMAIL/SUPER_ADMIN_PASSWORD not set; skipping super admin seed","service":"hospital-api","timestamp":"2026-03-09T04:13:23.610Z"}
{"level":"warn","message":"SUPER_RECEPTIONIST_EMAIL/SUPER_RECEPTIONIST_PASSWORD not set; skipping super receptionist seed","service":"hospital-api","timestamp":"2026-03-09T04:13:23.614Z"}
{"level":"warn","message":"SUPER_ADMIN_EMAIL/SUPER_ADMIN_PASSWORD not set; skipping super admin seed","service":"hospital-api","timestamp":"2026-03-09T04:40:38.944Z"}
{"level":"warn","message":"SUPER_RECEPTIONIST_EMAIL/SUPER_RECEPTIONIST_PASSWORD not set; skipping super receptionist seed","service":"hospital-api","timestamp":"2026-03-09T04:40:38.968Z"}
{"level":"warn","message":"SUPER_ADMIN_EMAIL/SUPER_ADMIN_PASSWORD not set; skipping super admin seed","service":"hospital-api","timestamp":"2026-03-09T04:40:39.032Z"}
{"level":"warn","message":"SUPER_RECEPTIONIST_EMAIL/SUPER_RECEPTIONIST_PASSWORD not set; skipping super receptionist seed","service":"hospital-api","timestamp":"2026-03-09T04:40:39.050Z"}
{"level":"warn","message":"SUPER_ADMIN_EMAIL/SUPER_ADMIN_PASSWORD not set; skipping super admin seed","service":"hospital-api","timestamp":"2026-03-09T04:41:36.600Z"}
{"level":"warn","message":"SUPER_RECEPTIONIST_EMAIL/SUPER_RECEPTIONIST_PASSWORD not set; skipping super receptionist seed","service":"hospital-api","timestamp":"2026-03-09T04:41:36.605Z"}
{"level":"warn","message":"SUPER_ADMIN_EMAIL/SUPER_ADMIN_PASSWORD not set; skipping super admin seed","service":"hospital-api","timestamp":"2026-03-09T04:50:04.211Z"}
{"level":"warn","message":"SUPER_RECEPTIONIST_EMAIL/SUPER_RECEPTIONIST_PASSWORD not set; skipping super receptionist seed","service":"hospital-api","timestamp":"2026-03-09T04:50:04.219Z"}
{"level":"warn","message":"SUPER_ADMIN_EMAIL/SUPER_ADMIN_PASSWORD not set; skipping super admin seed","service":"hospital-api","timestamp":"2026-03-09T04:50:04.244Z"}
{"level":"warn","message":"SUPER_RECEPTIONIST_EMAIL/SUPER_RECEPTIONIST_PASSWORD not set; skipping super receptionist seed","service":"hospital-api","timestamp":"2026-03-09T04:50:04.258Z"}
{"level":"warn","message":"SUPER_ADMIN_EMAIL/SUPER_ADMIN_PASSWORD not set; skipping super admin seed","service":"hospital-api","timestamp":"2026-03-09T04:50:35.742Z"}
{"level":"warn","message":"SUPER_RECEPTIONIST_EMAIL/SUPER_RECEPTIONIST_PASSWORD not set; skipping super receptionist seed","service":"hospital-api","timestamp":"2026-03-09T04:50:35.748Z"}
{"level":"warn","message":"SUPER_ADMIN_EMAIL/SUPER_ADMIN_PASSWORD not set; skipping super admin seed","service":"hospital-api","timestamp":"2026-03-09T04:50:35.846Z"}
{"level":"warn","message":"SUPER_RECEPTIONIST_EMAIL/SUPER_RECEPTIONIST_PASSWORD not set; skipping super receptionist seed","service":"hospital-api","timestamp":"2026-03-09T04:50:35.851Z"}
{"level":"warn","message":"SUPER_ADMIN_EMAIL/SUPER_ADMIN_PASSWORD not set; skipping super admin seed","service":"hospital-api","timestamp":"2026-03-09T04:52:00.469Z"}
{"level":"warn","message":"SUPER_RECEPTIONIST_EMAIL/SUPER_RECEPTIONIST_PASSWORD not set; skipping super receptionist seed","service":"hospital-api","timestamp":"2026-03-09T04:52:00.473Z"}
{"level":"warn","message":"SUPER_ADMIN_EMAIL/SUPER_ADMIN_PASSWORD not set; skipping super admin seed","service":"hospital-api","timestamp":"2026-03-09T05:05:05.668Z"}
{"level":"warn","message":"SUPER_RECEPTIONIST_EMAIL/SUPER_RECEPTIONIST_PASSWORD not set; skipping super receptionist seed","service":"hospital-api","timestamp":"2026-03-09T05:05:05.685Z"}
{"level":"warn","message":"SUPER_ADMIN_EMAIL/SUPER_ADMIN_PASSWORD not set; skipping super admin seed","service":"hospital-api","timestamp":"2026-03-09T05:05:05.719Z"}
{"level":"warn","message":"SUPER_RECEPTIONIST_EMAIL/SUPER_RECEPTIONIST_PASSWORD not set; skipping super receptionist seed","service":"hospital-api","timestamp":"2026-03-09T05:05:05.732Z"}
{"level":"warn","message":"SUPER_ADMIN_EMAIL/SUPER_ADMIN_PASSWORD not set; skipping super admin seed","service":"hospital-api","timestamp":"2026-03-09T05:07:39.415Z"}
{"level":"warn","message":"SUPER_RECEPTIONIST_EMAIL/SUPER_RECEPTIONIST_PASSWORD not set; skipping super receptionist seed","service":"hospital-api","timestamp":"2026-03-09T05:07:39.420Z"}
{"level":"warn","message":"SUPER_ADMIN_EMAIL/SUPER_ADMIN_PASSWORD not set; skipping super admin seed","service":"hospital-api","timestamp":"2026-03-09T05:12:39.238Z"}
{"level":"warn","message":"SUPER_ADMIN_EMAIL/SUPER_ADMIN_PASSWORD not set; skipping super admin seed","service":"hospital-api","timestamp":"2026-03-09T05:12:39.243Z"}
{"level":"warn","message":"SUPER_RECEPTIONIST_EMAIL/SUPER_RECEPTIONIST_PASSWORD not set; skipping super receptionist seed","service":"hospital-api","timestamp":"2026-03-09T05:12:39.247Z"}
{"level":"warn","message":"SUPER_RECEPTIONIST_EMAIL/SUPER_RECEPTIONIST_PASSWORD not set; skipping super receptionist seed","service":"hospital-api","timestamp":"2026-03-09T05:12:39.261Z"}
{"level":"warn","message":"SUPER_ADMIN_EMAIL/SUPER_ADMIN_PASSWORD not set; skipping super admin seed","service":"hospital-api","timestamp":"2026-03-09T05:13:00.465Z"}
{"level":"warn","message":"SUPER_RECEPTIONIST_EMAIL/SUPER_RECEPTIONIST_PASSWORD not set; skipping super receptionist seed","service":"hospital-api","timestamp":"2026-03-09T05:13:00.492Z"}
{"level":"warn","message":"SUPER_ADMIN_EMAIL/SUPER_ADMIN_PASSWORD not set; skipping super admin seed","service":"hospital-api","timestamp":"2026-03-09T05:13:01.189Z"}
{"level":"warn","message":"SUPER_RECEPTIONIST_EMAIL/SUPER_RECEPTIONIST_PASSWORD not set; skipping super receptionist seed","service":"hospital-api","timestamp":"2026-03-09T05:13:01.224Z"}
{"level":"warn","message":"SUPER_ADMIN_EMAIL/SUPER_ADMIN_PASSWORD not set; skipping super admin seed","service":"hospital-api","timestamp":"2026-03-09T05:15:09.487Z"}
{"level":"warn","message":"SUPER_RECEPTIONIST_EMAIL/SUPER_RECEPTIONIST_PASSWORD not set; skipping super receptionist seed","service":"hospital-api","timestamp":"2026-03-09T05:15:09.491Z"}
{"level":"error","message":"Image file format webp not allowed","method":"PUT","path":"/api/users/profile-image","service":"hospital-api","statusCode":500,"timestamp":"2026-03-09T05:15:57.757Z"}
{"level":"warn","message":"SUPER_ADMIN_EMAIL/SUPER_ADMIN_PASSWORD not set; skipping super admin seed","service":"hospital-api","timestamp":"2026-03-09T05:19:14.861Z"}
{"level":"warn","message":"SUPER_RECEPTIONIST_EMAIL/SUPER_RECEPTIONIST_PASSWORD not set; skipping super receptionist seed","service":"hospital-api","timestamp":"2026-03-09T05:19:14.864Z"}
{"level":"warn","message":"SUPER_ADMIN_EMAIL/SUPER_ADMIN_PASSWORD not set; skipping super admin seed","service":"hospital-api","timestamp":"2026-03-09T05:19:15.127Z"}
{"level":"warn","message":"SUPER_RECEPTIONIST_EMAIL/SUPER_RECEPTIONIST_PASSWORD not set; skipping super receptionist seed","service":"hospital-api","timestamp":"2026-03-09T05:19:15.131Z"}
{"level":"warn","message":"SUPER_ADMIN_EMAIL/SUPER_ADMIN_PASSWORD not set; skipping super admin seed","service":"hospital-api","timestamp":"2026-03-09T05:20:19.030Z"}
{"level":"warn","message":"SUPER_RECEPTIONIST_EMAIL/SUPER_RECEPTIONIST_PASSWORD not set; skipping super receptionist seed","service":"hospital-api","timestamp":"2026-03-09T05:20:19.034Z"}
{"email":"admin@hospital.com","level":"info","message":"Super admin user seeded","service":"hospital-api","timestamp":"2026-03-09T05:27:04.950Z"}
{"email":"super.receptionist@hospital.com","level":"info","message":"Super receptionist user seeded","service":"hospital-api","timestamp":"2026-03-09T05:27:05.288Z"}
{"email":"superadmin@medanta.org","level":"info","message":"Super admin user seeded","service":"hospital-api","timestamp":"2026-03-12T07:44:43.865Z"}
{"level":"warn","message":"Existing SUPER_RECEPTIONIST_EMAIL user role updated to superreceptionist","service":"hospital-api","timestamp":"2026-03-12T07:45:08.432Z"}
{"level":"error","message":"Expected property name or '}' in JSON at position 1 (line 1 column 2)","method":"POST","path":"/api/auth/patient/login","service":"hospital-api","stack":"SyntaxError: Expected property name or '}' in JSON at position 1 (line 1 column 2)\n    at JSON.parse (<anonymous>)\n    at parse (C:\\Users\\akuma\\hospital-management-system\\Backend\\node_modules\\body-parser\\lib\\types\\json.js:72:19)\n    at C:\\Users\\akuma\\hospital-management-system\\Backend\\node_modules\\body-parser\\lib\\read.js:162:18\n    at AsyncResource.runInAsyncScope (node:async_hooks:214:14)\n    at invokeCallback (C:\\Users\\akuma\\hospital-management-system\\Backend\\node_modules\\raw-body\\index.js:238:16)\n    at done (C:\\Users\\akuma\\hospital-management-system\\Backend\\node_modules\\raw-body\\index.js:227:7)\n    at IncomingMessage.onEnd (C:\\Users\\akuma\\hospital-management-system\\Backend\\node_modules\\raw-body\\index.js:287:7)\n    at IncomingMessage.emit (node:events:508:28)\n    at endReadableNT (node:internal/streams/readable:1701:12)\n    at process.processTicksAndRejections (node:internal/process/task_queues:89:21)","statusCode":400,"timestamp":"2026-03-12T13:23:13.237Z"}
{"level":"error","message":"Expected property name or '}' in JSON at position 1 (line 1 column 2)","method":"POST","path":"/api/auth/patient/register","service":"hospital-api","stack":"SyntaxError: Expected property name or '}' in JSON at position 1 (line 1 column 2)\n    at JSON.parse (<anonymous>)\n    at parse (C:\\Users\\akuma\\hospital-management-system\\Backend\\node_modules\\body-parser\\lib\\types\\json.js:72:19)\n    at C:\\Users\\akuma\\hospital-management-system\\Backend\\node_modules\\body-parser\\lib\\read.js:162:18\n    at AsyncResource.runInAsyncScope (node:async_hooks:214:14)\n    at invokeCallback (C:\\Users\\akuma\\hospital-management-system\\Backend\\node_modules\\raw-body\\index.js:238:16)\n    at done (C:\\Users\\akuma\\hospital-management-system\\Backend\\node_modules\\raw-body\\index.js:227:7)\n    at IncomingMessage.onEnd (C:\\Users\\akuma\\hospital-management-system\\Backend\\node_modules\\raw-body\\index.js:287:7)\n    at IncomingMessage.emit (node:events:508:28)\n    at endReadableNT (node:internal/streams/readable:1701:12)\n    at process.processTicksAndRejections (node:internal/process/task_queues:89:21)","statusCode":400,"timestamp":"2026-03-12T13:23:13.244Z"}
{"level":"warn","message":"Migrated 1 superreceptionist user(s) to subadmin","service":"hospital-api","timestamp":"2026-03-12T16:30:35.012Z"}
{"level":"error","message":"Image file format webp not allowed","method":"PUT","path":"/api/users/profile-image","service":"hospital-api","statusCode":500,"timestamp":"2026-03-13T07:39:55.015Z"}
